<?xml version="1.0" encoding="UTF-8"?>
<Site BuildName="(empty)"
	BuildStamp="20260902-0821-Experimental"
	Name="nvidia-desktop"
	Generator="ctest-3.22.1"
	CompilerName="/usr/bin/c++"
	CompilerVersion="11.4.0"
	OSName="Linux"
	Hostname="nvidia-desktop"
	OSRelease="5.15.148-tegra"
	OSVersion="#1 SMP PREEMPT Thu Sep 18 15:08:33 PDT 2025"
	OSPlatform="aarch64"
	Is64Bits="1"
	VendorString=""
	VendorID="Unknown Manufacturer"
	FamilyID="8"
	ModelID="0"
	ProcessorCacheSize="0"
	NumberOfLogicalCPU="6"
	NumberOfPhysicalCPU="1"
	TotalVirtualMemory="3809"
	TotalPhysicalMemory="7619"
	LogicalProcessorsPerPhysical="6"
	ProcessorClockFrequency="0"
	>
	<Testing>
		<StartDateTime>Sep 02 16:21 CST</StartDateTime>
		<StartTestTime>1788337281</StartTestTime>
		<TestList>
			<Test>./copyright</Test>
			<Test>./lint_cmake</Test>
			<Test>./xmllint</Test>
		</TestList>
		<Test Status="passed">
			<Name>copyright</Name>
			<Path>.</Path>
			<FullName>./copyright</FullName>
			<FullCommandLine>/usr/bin/python3 "-u" "/opt/ros/humble/share/ament_cmake_test/cmake/run_test.py" "/home/nvidia/DS10_Modbus/build/ds10_protocol/test_results/ds10_protocol/copyright.xunit.xml" "--package-name" "ds10_protocol" "--output-file" "/home/nvidia/DS10_Modbus/build/ds10_protocol/ament_copyright/copyright.txt" "--command" "/opt/ros/humble/bin/ament_copyright" "--xunit-file" "/home/nvidia/DS10_Modbus/build/ds10_protocol/test_results/ds10_protocol/copyright.xunit.xml"</FullCommandLine>
			<Results>
				<NamedMeasurement type="numeric/double" name="Execution Time">
					<Value>0.354763</Value>
				</NamedMeasurement>
				<NamedMeasurement type="numeric/double" name="Processors">
					<Value>1</Value>
				</NamedMeasurement>
				<NamedMeasurement type="text/string" name="Completion Status">
					<Value>Completed</Value>
				</NamedMeasurement>
				<NamedMeasurement type="text/string" name="Command Line">
					<Value>/usr/bin/python3 "-u" "/opt/ros/humble/share/ament_cmake_test/cmake/run_test.py" "/home/nvidia/DS10_Modbus/build/ds10_protocol/test_results/ds10_protocol/copyright.xunit.xml" "--package-name" "ds10_protocol" "--output-file" "/home/nvidia/DS10_Modbus/build/ds10_protocol/ament_copyright/copyright.txt" "--command" "/opt/ros/humble/bin/ament_copyright" "--xunit-file" "/home/nvidia/DS10_Modbus/build/ds10_protocol/test_results/ds10_protocol/copyright.xunit.xml"</Value>
				</NamedMeasurement>
				<NamedMeasurement type="text/string" name="Environment">
					<Value>#CTEST_RESOURCE_GROUP_COUNT=</Value>
				</NamedMeasurement>
				<Measurement>
					<Value>-- run_test.py: invoking following command in '/home/nvidia/DS10_Modbus/src/ds10_protocol':
 - /opt/ros/humble/bin/ament_copyright --xunit-file /home/nvidia/DS10_Modbus/build/ds10_protocol/test_results/ds10_protocol/copyright.xunit.xml
No repository roots and files found
No problems found, checked 0 files
-- run_test.py: return code 0
-- run_test.py: verify result file '/home/nvidia/DS10_Modbus/build/ds10_protocol/test_results/ds10_protocol/copyright.xunit.xml'
</Value>
				</Measurement>
			</Results>
			<Labels>
				<Label>copyright</Label>
				<Label>linter</Label>
			</Labels>
		</Test>
		<Test Status="passed">
			<Name>lint_cmake</Name>
			<Path>.</Path>
			<FullName>./lint_cmake</FullName>
			<FullCommandLine>/usr/bin/python3 "-u" "/opt/ros/humble/share/ament_cmake_test/cmake/run_test.py" "/home/nvidia/DS10_Modbus/build/ds10_protocol/test_results/ds10_protocol/lint_cmake.xunit.xml" "--package-name" "ds10_protocol" "--output-file" "/home/nvidia/DS10_Modbus/build/ds10_protocol/ament_lint_cmake/lint_cmake.txt" "--command" "/opt/ros/humble/bin/ament_lint_cmake" "--xunit-file" "/home/nvidia/DS10_Modbus/build/ds10_protocol/test_results/ds10_protocol/lint_cmake.xunit.xml"</FullCommandLine>
			<Results>
				<NamedMeasurement type="numeric/double" name="Execution Time">
					<Value>0.278269</Value>
				</NamedMeasurement>
				<NamedMeasurement type="numeric/double" name="Processors">
					<Value>1</Value>
				</NamedMeasurement>
				<NamedMeasurement type="text/string" name="Completion Status">
					<Value>Completed</Value>
				</NamedMeasurement>
				<NamedMeasurement type="text/string" name="Command Line">
					<Value>/usr/bin/python3 "-u" "/opt/ros/humble/share/ament_cmake_test/cmake/run_test.py" "/home/nvidia/DS10_Modbus/build/ds10_protocol/test_results/ds10_protocol/lint_cmake.xunit.xml" "--package-name" "ds10_protocol" "--output-file" "/home/nvidia/DS10_Modbus/build/ds10_protocol/ament_lint_cmake/lint_cmake.txt" "--command" "/opt/ros/humble/bin/ament_lint_cmake" "--xunit-file" "/home/nvidia/DS10_Modbus/build/ds10_protocol/test_results/ds10_protocol/lint_cmake.xunit.xml"</Value>
				</NamedMeasurement>
				<NamedMeasurement type="text/string" name="Environment">
					<Value>#CTEST_RESOURCE_GROUP_COUNT=</Value>
				</NamedMeasurement>
				<Measurement>
					<Value>-- run_test.py: invoking following command in '/home/nvidia/DS10_Modbus/src/ds10_protocol':
 - /opt/ros/humble/bin/ament_lint_cmake --xunit-file /home/nvidia/DS10_Modbus/build/ds10_protocol/test_results/ds10_protocol/lint_cmake.xunit.xml

No problems found
-- run_test.py: return code 0
-- run_test.py: verify result file '/home/nvidia/DS10_Modbus/build/ds10_protocol/test_results/ds10_protocol/lint_cmake.xunit.xml'
</Value>
				</Measurement>
			</Results>
			<Labels>
				<Label>lint_cmake</Label>
				<Label>linter</Label>
			</Labels>
		</Test>
		<Test Status="passed">
			<Name>xmllint</Name>
			<Path>.</Path>
			<FullName>./xmllint</FullName>
			<FullCommandLine>/usr/bin/python3 "-u" "/opt/ros/humble/share/ament_cmake_test/cmake/run_test.py" "/home/nvidia/DS10_Modbus/build/ds10_protocol/test_results/ds10_protocol/xmllint.xunit.xml" "--package-name" "ds10_protocol" "--output-file" "/home/nvidia/DS10_Modbus/build/ds10_protocol/ament_xmllint/xmllint.txt" "--command" "/opt/ros/humble/bin/ament_xmllint" "--xunit-file" "/home/nvidia/DS10_Modbus/build/ds10_protocol/test_results/ds10_protocol/xmllint.xunit.xml"</FullCommandLine>
			<Results>
				<NamedMeasurement type="numeric/double" name="Execution Time">
					<Value>9.13748</Value>
				</NamedMeasurement>
				<NamedMeasurement type="numeric/double" name="Processors">
					<Value>1</Value>
				</NamedMeasurement>
				<NamedMeasurement type="text/string" name="Completion Status">
					<Value>Completed</Value>
				</NamedMeasurement>
				<NamedMeasurement type="text/string" name="Command Line">
					<Value>/usr/bin/python3 "-u" "/opt/ros/humble/share/ament_cmake_test/cmake/run_test.py" "/home/nvidia/DS10_Modbus/build/ds10_protocol/test_results/ds10_protocol/xmllint.xunit.xml" "--package-name" "ds10_protocol" "--output-file" "/home/nvidia/DS10_Modbus/build/ds10_protocol/ament_xmllint/xmllint.txt" "--command" "/opt/ros/humble/bin/ament_xmllint" "--xunit-file" "/home/nvidia/DS10_Modbus/build/ds10_protocol/test_results/ds10_protocol/xmllint.xunit.xml"</Value>
				</NamedMeasurement>
				<NamedMeasurement type="text/string" name="Environment">
					<Value>#CTEST_RESOURCE_GROUP_COUNT=</Value>
				</NamedMeasurement>
				<Measurement>
					<Value>-- run_test.py: invoking following command in '/home/nvidia/DS10_Modbus/src/ds10_protocol':
 - /opt/ros/humble/bin/ament_xmllint --xunit-file /home/nvidia/DS10_Modbus/build/ds10_protocol/test_results/ds10_protocol/xmllint.xunit.xml
File 'package.xml' is valid

No problems found
-- run_test.py: return code 0
-- run_test.py: verify result file '/home/nvidia/DS10_Modbus/build/ds10_protocol/test_results/ds10_protocol/xmllint.xunit.xml'
</Value>
				</Measurement>
			</Results>
			<Labels>
				<Label>linter</Label>
				<Label>xmllint</Label>
			</Labels>
		</Test>
		<EndDateTime>Sep 02 16:21 CST</EndDateTime>
		<EndTestTime>1788337291</EndTestTime>
		<ElapsedMinutes>0</ElapsedMinutes>
	</Testing>
</Site>
